2021-12-17 09:46:33,499:INFO:Creating table....
2021-12-17 09:46:34,233:INFO:Table is created....
2021-12-17 09:46:48,920:DEBUG:None
2021-12-17 09:50:19,336:INFO:You're connected to database:('uk_police',) 
2021-12-17 09:50:21,602:INFO:Creating table....
2021-12-17 09:50:22,540:INFO:Table is created....
2021-12-17 09:50:27,242:DEBUG:None
2021-12-22 17:13:42,554:INFO:You're connected to database:('uk_police',) 
2021-12-22 17:13:43,772:INFO:Creating table....
2021-12-22 17:13:45,718:INFO:Table is created....
2021-12-22 17:13:46,239:INFO:Record inserted
2021-12-22 17:13:46,347:INFO:Record inserted
2021-12-22 17:13:46,546:INFO:Record inserted
2021-12-22 17:13:46,613:INFO:Record inserted
2021-12-22 17:13:46,717:INFO:Record inserted
2021-12-22 17:13:46,822:INFO:Record inserted
2021-12-22 17:13:46,943:INFO:Record inserted
2021-12-22 17:13:47,047:INFO:Record inserted
2021-12-22 17:13:47,166:INFO:Record inserted
2021-12-22 17:13:47,245:INFO:Record inserted
2021-12-22 17:13:47,378:INFO:Record inserted
2021-12-22 17:13:47,592:INFO:Record inserted
2021-12-22 17:13:47,733:INFO:Record inserted
2021-12-22 17:13:47,887:INFO:Record inserted
2021-12-22 17:13:48,065:INFO:Record inserted
2021-12-22 17:13:48,259:INFO:Record inserted
2021-12-22 17:13:48,393:INFO:Record inserted
2021-12-22 17:13:48,466:INFO:Record inserted
2021-12-22 17:13:48,510:INFO:Record inserted
2021-12-22 17:13:48,576:INFO:Record inserted
2021-12-22 17:13:48,621:INFO:Record inserted
2021-12-22 17:13:48,687:INFO:Record inserted
2021-12-22 17:13:48,753:INFO:Record inserted
2021-12-22 17:13:48,848:INFO:Record inserted
2021-12-22 17:13:48,926:INFO:Record inserted
2021-12-22 17:13:49,074:INFO:Record inserted
2021-12-22 17:13:49,317:INFO:Record inserted
2021-12-22 17:13:49,382:INFO:Record inserted
2021-12-22 17:13:49,517:INFO:Record inserted
2021-12-22 17:13:49,604:INFO:Record inserted
2021-12-22 17:13:49,703:INFO:Record inserted
2021-12-22 17:13:49,747:INFO:Record inserted
2021-12-22 17:13:49,805:INFO:Record inserted
2021-12-22 17:13:49,884:INFO:Record inserted
2021-12-22 17:13:50,008:INFO:Record inserted
2021-12-22 17:13:50,237:INFO:Record inserted
2021-12-22 17:13:50,334:DEBUG:None
